<?xml version="1.0" encoding="UTF-8"?>
<!-- Generated by org.testng.reporters.JUnitReportReporter -->
<testsuite skipped="0" hostname="DESKTOP-06I5ITV" name="testcases.LoginTest" tests="2" failures="0" timestamp="2021-06-26T14:14:17 EDT" time="12.465" errors="0">
  <testcase name="LoginHRM" time="6.514" classname="testcases.LoginTest"/>
  <system-out/>
  <testcase name="LoginHRMExcel" time="5.951" classname="testcases.LoginTest"/>
  <system-out/>
</testsuite> <!-- testcases.LoginTest -->
