<?xml version="1.0" encoding="UTF-8"?>
<!-- Generated by org.testng.reporters.JUnitReportReporter -->
<testsuite skipped="0" hostname="DESKTOP-06I5ITV" name="testcases.UserManagementTest" tests="1" failures="0" timestamp="2021-06-26T14:14:17 EDT" time="10.924" errors="0">
  <testcase name="UMTest" time="10.924" classname="testcases.UserManagementTest"/>
  <system-out/>
</testsuite> <!-- testcases.UserManagementTest -->
